make all --print-data-base --no-builtin-variables --no-builtin-rules --question
# GNU Make 4.3
# Built for x86_64-pc-linux-gnu
# Copyright (C) 1988-2020 Free Software Foundation, Inc.
# License GPLv3+: GNU GPL version 3 or later <http://gnu.org/licenses/gpl.html>
# This is free software: you are free to change and redistribute it.
# There is NO WARRANTY, to the extent permitted by law.

# Make data base, printed on Thu Aug 11 23:53:47 2022

# Variables

# environment
GDK_BACKEND = x11
# environment
LC_ALL = C
# environment
GNOME_SHELL_SESSION_MODE = ubuntu
# environment
SSH_AGENT_LAUNCHER = gnome-keyring
# environment
SNAP_INSTANCE_KEY = 
# environment
GJS_DEBUG_OUTPUT = stderr
# environment
VSCODE_CWD = /home/user
# default
MAKE_COMMAND := make
# environment
QT_ACCESSIBILITY = 1
# automatic
@D = $(patsubst %/,%,$(dir $@))
# environment
SNAP_INSTANCE_NAME = code
# environment
GDK_PIXBUF_MODULEDIR = /snap/code/103/usr/lib/x86_64-linux-gnu/gdk-pixbuf-2.0/2.10.0/loaders
# environment
VSCODE_HANDLES_UNCAUGHT_ERRORS = true
# default
.VARIABLES := 
# environment
PWD = /home/user/Desktop/l0_sampler
# automatic
%D = $(patsubst %/,%,$(dir $%))
# environment
XDG_DATA_DIRS = /usr/share/ubuntu:/usr/local/share/:/usr/share/:/var/lib/snapd/desktop
# automatic
^D = $(patsubst %/,%,$(dir $^))
# automatic
%F = $(notdir $%)
# environment
VSCODE_CODE_CACHE_PATH = /home/user/.config/Code/CachedData/da76f93349a72022ca4670c1b84860304616aaa2
# environment
LANG = C
# environment
XAUTHORITY = /run/user/1000/.mutter-Xwaylandauth.39ZNQ1
# default
.LOADED := 
# default
.INCLUDE_DIRS = /usr/local/include /usr/include /usr/include
# makefile
MAKEFLAGS = pqrR
# makefile
CURDIR := /home/user/Desktop/l0_sampler
# environment
APPLICATION_INSIGHTS_NO_DIAGNOSTIC_CHANNEL = true
# environment
LESSOPEN = | /usr/bin/lesspipe %s
# automatic
*D = $(patsubst %/,%,$(dir $*))
# environment
MFLAGS = -pqrR
# environment
SSH_AUTH_SOCK = /run/user/1000/keyring/ssh
# default
.SHELLFLAGS := -c
# environment
WAYLAND_DISPLAY = wayland-0
# environment
XDG_CONFIG_DIRS = /etc/xdg/xdg-ubuntu:/etc/xdg
# automatic
+D = $(patsubst %/,%,$(dir $+))
# environment
XDG_SESSION_DESKTOP = ubuntu
# makefile (from 'Makefile', line 1)
MAKEFILE_LIST := Makefile
# environment
SNAP_REEXEC = 
# automatic
@F = $(notdir $@)
# environment
VSCODE_PID = 2570
# environment
XDG_SESSION_TYPE = wayland
# automatic
?D = $(patsubst %/,%,$(dir $?))
# environment
BAMF_DESKTOP_FILE_HINT = /var/lib/snapd/desktop/applications/code_code.desktop
# environment
SESSION_MANAGER = local/user-ASUSPRO-P5440FF:@/tmp/.ICE-unix/1212,unix/user-ASUSPRO-P5440FF:/tmp/.ICE-unix/1212
# automatic
*F = $(notdir $*)
# environment
CHROME_DESKTOP = code-url-handler.desktop
# environment
DBUS_SESSION_BUS_ADDRESS = unix:path=/run/user/1000/bus
# automatic
<D = $(patsubst %/,%,$(dir $<))
# environment
VSCODE_NLS_CONFIG = {"locale":"zh-tw","availableLanguages":{"*":"zh-tw"},"_languagePackId":"03519bb7194c1df1d1f37b998a097db3.zh-tw","_translationsConfigFile":"/home/user/.config/Code/clp/03519bb7194c1df1d1f37b998a097db3.zh-tw/tcf.json","_cacheRoot":"/home/user/.config/Code/clp/03519bb7194c1df1d1f37b998a097db3.zh-tw","_resolvedLanguagePackCoreLocation":"/home/user/.config/Code/clp/03519bb7194c1df1d1f37b998a097db3.zh-tw/da76f93349a72022ca4670c1b84860304616aaa2","_corruptedFile":"/home/user/.config/Code/clp/03519bb7194c1df1d1f37b998a097db3.zh-tw/corrupted.info","_languagePackSupport":true}
# default
MAKE_HOST := x86_64-pc-linux-gnu
# environment
GNOME_DESKTOP_SESSION_ID = this-is-deprecated
# makefile
SHELL = /bin/sh
# default
MAKECMDGOALS := all
# environment
XMODIFIERS = @im=ibus
# environment
GJS_DEBUG_TOPICS = JS ERROR;JS LOG
# environment
SHLVL = 0
# environment
MAKELEVEL := 0
# environment
IM_CONFIG_CHECK_ENV = 1
# default
MAKE = $(MAKE_COMMAND)
# environment
SNAP_COOKIE = tFKNiFDxmja7WZiExTiqBXOXdsuNnrnmSLsJw5IKQejpMzcIEq2f
# environment
PATH = /usr/local/sbin:/usr/local/bin:/usr/sbin:/usr/bin:/sbin:/bin:/usr/games:/usr/local/games:/snap/bin:/snap/bin
# default
MAKEFILES := 
# environment
LANGUAGE = zh_TW:zh
# automatic
^F = $(notdir $^)
# environment
SNAP_USER_COMMON = /home/user/snap/code/common
# environment
SNAP = /snap/code/103
# environment
INVOCATION_ID = 9f0b763df97044ddb9ca735d71d1eb6e
# environment
SNAP_REVISION = 103
# environment
SNAP_REAL_HOME = /home/user
# environment
USERNAME = user
# environment
GNOME_SETUP_DISPLAY = :1
# environment
LESSCLOSE = /usr/bin/lesspipe %s %s
# automatic
?F = $(notdir $?)
# environment
XDG_CURRENT_DESKTOP = Unity
# environment
LS_COLORS = 
# automatic
+F = $(notdir $+)
# environment
DESKTOP_SESSION = ubuntu
# environment
ORIGINAL_XDG_CURRENT_DESKTOP = ubuntu:GNOME
# 'override' directive
GNUMAKEFLAGS := 
# environment
LOGNAME = user
# environment
GIO_LAUNCHED_DESKTOP_FILE = /var/lib/snapd/desktop/applications/code_code.desktop
# environment
SNAP_ARCH = amd64
# makefile
.DEFAULT_GOAL := all
# environment
SYSTEMD_EXEC_PID = 1241
# environment
DISPLAY = :0
# environment
USER = user
# environment
GTK_MODULES = gail:atk-bridge
# default
MAKE_VERSION := 4.3
# environment
DISABLE_WAYLAND = 1
# environment
SNAP_DATA = /var/snap/code/103
# environment
SNAP_CONTEXT = tFKNiFDxmja7WZiExTiqBXOXdsuNnrnmSLsJw5IKQejpMzcIEq2f
# environment
MANAGERPID = 1074
# environment
GIO_LAUNCHED_DESKTOP_FILE_PID = 2410
# environment
_ = /snap/code/103/usr/share/code/code
# environment
XDG_RUNTIME_DIR = /run/user/1000
# makefile (from 'Makefile', line 2)
CFLAGS = -g -Wall -ansi
# environment
GDK_PIXBUF_MODULE_FILE = /home/user/snap/code/common/.cache/gdk-pixbuf-loaders.cache
# environment
JOURNAL_STREAM = 8:32031
# environment
XDG_SESSION_CLASS = user
# environment
VSCODE_AMD_ENTRYPOINT = vs/workbench/api/node/extensionHostProcess
# environment
HOME = /home/user
# environment
QT_IM_MODULE = ibus
# environment
ELECTRON_RUN_AS_NODE = 1
# environment
VSCODE_IPC_HOOK = /run/user/1000/vscode-16068fa4-1.70.0-main.sock
# environment
SNAP_NAME = code
# environment
GSETTINGS_SCHEMA_DIR = /snap/code/103/usr/share/glib-2.0/schemas
# environment
IM_CONFIG_PHASE = 1
# default
.RECIPEPREFIX := 
# automatic
<F = $(notdir $<)
# environment
SNAP_VERSION = da76f933
# default
SUFFIXES := 
# environment
VSCODE_CLI = 1
# environment
ELECTRON_NO_ATTACH_CONSOLE = 1
# environment
SNAP_COMMON = /var/snap/code/common
# default
.FEATURES := target-specific order-only second-expansion else-if shortest-stem undefine oneshell nocomment grouped-target extra-prereqs archives jobserver output-sync check-symlink load
# makefile (from 'Makefile', line 1)
CC = g++
# environment
SNAP_USER_DATA = /home/user/snap/code/103
# environment
XDG_MENU_PREFIX = gnome-
# environment
GDMSESSION = ubuntu
# environment
SNAP_LIBRARY_PATH = /var/lib/snapd/lib/gl:/var/lib/snapd/lib/gl32:/var/lib/snapd/void
# variable set hash-table stats:
# Load=120/1024=12%, Rehash=0, Collisions=3/155=2%

# Pattern-specific Variable Values

# No pattern-specific variable values.

# Directories

# . (device 66309, inode 4326591): 14 files, no impossibilities.

# 14 files, no impossibilities in 1 directories.

# Implicit Rules

# No implicit rules.

# Files

# Not a target:
Makefile:
#  Implicit rule search has been done.
#  Last modified 2022-08-11 23:41:15.476797176
#  File has been updated.
#  Successfully updated.

# Not a target:
murmurhash3.cpp:
 
#  Implicit rule search has been done.
 
#  Last modified 2022-08-11 15:10:48.842755737
#  File has been updated.
#  Successfully updated.

clean:
#  Implicit rule search has not been done.
#  Modification time never checked.
#  File has not been updated.
#  recipe to execute (from 'Makefile', line 11):
	rm  *.o l0Sampler

# Not a target:
main.h:
#  Implicit rule search has been done.
#  Last modified 2022-08-11 23:39:34.486317029
#  File has been updated.
#  Successfully updated.

hash.o: murmurhash3.cpp murmurhash3.h
#  Implicit rule search has not been done.
#  Implicit/static pattern stem: ''
#  File does not exist.
#  File has been updated.
#  Needs to be updated (-q is set).
# automatic
# @ := hash.o
# automatic
# * := 
# automatic
# < := murmurhash3.cpp
# automatic
# + := murmurhash3.cpp murmurhash3.h
# automatic
# % := 
# automatic
# ^ := murmurhash3.cpp murmurhash3.h
# automatic
# ? := murmurhash3.cpp murmurhash3.h
# automatic
# | := 
# variable set hash-table stats:
# Load=8/32=25%, Rehash=0, Collisions=2/13=15%
#  recipe to execute (from 'Makefile', line 9):
	$(CC) $(CFLAGS) -c murmurhash3.cpp

# Not a target:
.DEFAULT:
#  Implicit rule search has not been done.
#  Modification time never checked.
#  File has not been updated.

# Not a target:
murmurhash3.h:
#  Implicit rule search has been done.
#  Last modified 2022-08-11 15:09:42.004707137
#  File has been updated.
#  Successfully updated.

all: main.o hash.o
#  Command line target.
#  Implicit rule search has not been done.
#  File does not exist.
#  File has been updated.
#  Needs to be updated (-q is set).
# variable set hash-table stats:
# Load=0/32=0%, Rehash=0, Collisions=0/5=0%
#  recipe to execute (from 'Makefile', line 5):
	$(CC) -o l0Sampler main.o murmurhash3.o

# Not a target:
main.cpp:
#  Implicit rule search has been done.
#  Last modified 2022-08-11 23:40:37.581760841
#  File has been updated.
#  Successfully updated.

main.o: main.cpp main.h
#  Implicit rule search has not been done.
#  Last modified 2022-08-11 23:41:20.523466721
#  File has been updated.
#  Successfully updated.
#  recipe to execute (from 'Makefile', line 7):
	$(CC) $(CFLAGS) -c main.cpp

# Not a target:
.SUFFIXES:
#  Implicit rule search has not been done.
#  Modification time never checked.
#  File has not been updated.

# files hash-table stats:
# Load=11/1024=1%, Rehash=0, Collisions=0/31=0%
# VPATH Search Paths

# No 'vpath' search paths.

# No general ('VPATH' variable) search path.

# strcache buffers: 1 (0) / strings = 21 / storage = 201 B / avg = 9 B
# current buf: size = 8162 B / used = 201 B / count = 21 / avg = 9 B

# strcache performance: lookups = 38 / hit rate = 44%
# hash-table stats:
# Load=21/8192=0%, Rehash=0, Collisions=0/38=0%
# Finished Make data base on Thu Aug 11 23:53:47 2022

 
